0 info it worked if it ends with ok
1 verbose cli [ '/usr/local/bin/node',
1 verbose cli   '/usr/local/bin/npm',
1 verbose cli   'install',
1 verbose cli   '--save',
1 verbose cli   'simple-jekyll-search' ]
2 info using npm@4.0.5
3 info using node@v5.5.0
4 silly loadCurrentTree Starting
5 silly install loadCurrentTree
6 silly install readLocalPackageData
7 silly fetchPackageMetaData simple-jekyll-search
8 silly fetchNamedPackageData simple-jekyll-search
9 silly mapToRegistry name simple-jekyll-search
10 silly mapToRegistry using default registry
11 silly mapToRegistry registry https://registry.npmjs.org/
12 silly mapToRegistry data Result {
12 silly mapToRegistry   raw: 'simple-jekyll-search',
12 silly mapToRegistry   scope: null,
12 silly mapToRegistry   escapedName: 'simple-jekyll-search',
12 silly mapToRegistry   name: 'simple-jekyll-search',
12 silly mapToRegistry   rawSpec: '',
12 silly mapToRegistry   spec: 'latest',
12 silly mapToRegistry   type: 'tag' }
13 silly mapToRegistry uri https://registry.npmjs.org/simple-jekyll-search
14 verbose request uri https://registry.npmjs.org/simple-jekyll-search
15 verbose request no auth needed
16 info attempt registry request try #1 at 16:58:00
17 verbose request id db61d7639999a43b
18 http request GET https://registry.npmjs.org/simple-jekyll-search
19 http 200 https://registry.npmjs.org/simple-jekyll-search
20 verbose headers { server: 'nginx/1.10.1',
20 verbose headers   'content-type': 'application/json',
20 verbose headers   'last-modified': 'Sat, 01 Apr 2017 07:44:50 GMT',
20 verbose headers   etag: 'W/"58df5a72-7a5d"',
20 verbose headers   'content-encoding': 'gzip',
20 verbose headers   'cache-control': 'max-age=300',
20 verbose headers   'content-length': '5345',
20 verbose headers   'accept-ranges': 'bytes',
20 verbose headers   date: 'Wed, 26 Apr 2017 07:58:00 GMT',
20 verbose headers   via: '1.1 varnish',
20 verbose headers   age: '0',
20 verbose headers   connection: 'keep-alive',
20 verbose headers   'x-served-by': 'cache-nrt6131-NRT',
20 verbose headers   'x-cache': 'MISS',
20 verbose headers   'x-cache-hits': '0',
20 verbose headers   'x-timer': 'S1493193480.431109,VS0,VE133',
20 verbose headers   vary: 'Accept-Encoding' }
21 silly get cb [ 200,
21 silly get   { server: 'nginx/1.10.1',
21 silly get     'content-type': 'application/json',
21 silly get     'last-modified': 'Sat, 01 Apr 2017 07:44:50 GMT',
21 silly get     etag: 'W/"58df5a72-7a5d"',
21 silly get     'content-encoding': 'gzip',
21 silly get     'cache-control': 'max-age=300',
21 silly get     'content-length': '5345',
21 silly get     'accept-ranges': 'bytes',
21 silly get     date: 'Wed, 26 Apr 2017 07:58:00 GMT',
21 silly get     via: '1.1 varnish',
21 silly get     age: '0',
21 silly get     connection: 'keep-alive',
21 silly get     'x-served-by': 'cache-nrt6131-NRT',
21 silly get     'x-cache': 'MISS',
21 silly get     'x-cache-hits': '0',
21 silly get     'x-timer': 'S1493193480.431109,VS0,VE133',
21 silly get     vary: 'Accept-Encoding' } ]
22 verbose get saving simple-jekyll-search to /Users/inkyu/.npm/registry.npmjs.org/simple-jekyll-search/.cache.json
23 verbose correctMkdir /Users/inkyu/.npm correctMkdir not in flight; initializing
24 silly install normalizeTree
25 silly loadCurrentTree Finishing
26 silly loadIdealTree Starting
27 silly install loadIdealTree
28 silly cloneCurrentTree Starting
29 silly install cloneCurrentTreeToIdealTree
30 silly cloneCurrentTree Finishing
31 silly loadShrinkwrap Starting
32 silly install loadShrinkwrap
33 silly loadShrinkwrap Finishing
34 silly loadAllDepsIntoIdealTree Starting
35 silly install loadAllDepsIntoIdealTree
36 silly resolveWithNewModule simple-jekyll-search@1.2.0 checking installable status
37 silly cache add args [ 'simple-jekyll-search', null ]
38 verbose cache add spec simple-jekyll-search
39 silly cache add parsed spec Result {
39 silly cache add   raw: 'simple-jekyll-search',
39 silly cache add   scope: null,
39 silly cache add   escapedName: 'simple-jekyll-search',
39 silly cache add   name: 'simple-jekyll-search',
39 silly cache add   rawSpec: '',
39 silly cache add   spec: 'latest',
39 silly cache add   type: 'tag' }
40 silly addNamed simple-jekyll-search@latest
41 verbose addNamed "latest" is being treated as a dist-tag for simple-jekyll-search
42 info addNameTag [ 'simple-jekyll-search', 'latest' ]
43 silly mapToRegistry name simple-jekyll-search
44 silly mapToRegistry using default registry
45 silly mapToRegistry registry https://registry.npmjs.org/
46 silly mapToRegistry data Result {
46 silly mapToRegistry   raw: 'simple-jekyll-search',
46 silly mapToRegistry   scope: null,
46 silly mapToRegistry   escapedName: 'simple-jekyll-search',
46 silly mapToRegistry   name: 'simple-jekyll-search',
46 silly mapToRegistry   rawSpec: '',
46 silly mapToRegistry   spec: 'latest',
46 silly mapToRegistry   type: 'tag' }
47 silly mapToRegistry uri https://registry.npmjs.org/simple-jekyll-search
48 verbose addNameTag registry:https://registry.npmjs.org/simple-jekyll-search not in flight; fetching
49 verbose get https://registry.npmjs.org/simple-jekyll-search not expired, no request
50 silly addNameTag next cb for simple-jekyll-search with tag latest
51 silly addNamed simple-jekyll-search@1.2.0
52 verbose addNamed "1.2.0" is a plain semver version for simple-jekyll-search
53 silly mapToRegistry name simple-jekyll-search
54 silly mapToRegistry using default registry
55 silly mapToRegistry registry https://registry.npmjs.org/
56 silly mapToRegistry data Result {
56 silly mapToRegistry   raw: 'simple-jekyll-search',
56 silly mapToRegistry   scope: null,
56 silly mapToRegistry   escapedName: 'simple-jekyll-search',
56 silly mapToRegistry   name: 'simple-jekyll-search',
56 silly mapToRegistry   rawSpec: '',
56 silly mapToRegistry   spec: 'latest',
56 silly mapToRegistry   type: 'tag' }
57 silly mapToRegistry uri https://registry.npmjs.org/simple-jekyll-search
58 verbose addRemoteTarball https://registry.npmjs.org/simple-jekyll-search/-/simple-jekyll-search-1.2.0.tgz not in flight; adding
59 verbose addRemoteTarball [ 'https://registry.npmjs.org/simple-jekyll-search/-/simple-jekyll-search-1.2.0.tgz',
59 verbose addRemoteTarball   '4ecaf3f070b23a7d4b54e35298a987fe702b8f8d' ]
60 info retry fetch attempt 1 at 16:58:00
61 info attempt registry request try #1 at 16:58:00
62 http fetch GET https://registry.npmjs.org/simple-jekyll-search/-/simple-jekyll-search-1.2.0.tgz
63 http fetch 200 https://registry.npmjs.org/simple-jekyll-search/-/simple-jekyll-search-1.2.0.tgz
64 silly fetchAndShaCheck shasum 4ecaf3f070b23a7d4b54e35298a987fe702b8f8d
65 verbose addTmpTarball /var/folders/xk/l1672_1n723d_jjtpshg8l440000gn/T/npm-27876-40ffff42/registry.npmjs.org/simple-jekyll-search/-/simple-jekyll-search-1.2.0.tgz not in flight; adding
66 verbose addTmpTarball already have metadata; skipping unpack for simple-jekyll-search@1.2.0
67 verbose correctMkdir /Users/inkyu/.npm correctMkdir not in flight; initializing
68 silly cache afterAdd simple-jekyll-search@1.2.0
69 verbose afterAdd /Users/inkyu/.npm/simple-jekyll-search/1.2.0/package/package.json not in flight; writing
70 verbose correctMkdir /Users/inkyu/.npm correctMkdir not in flight; initializing
71 verbose afterAdd /Users/inkyu/.npm/simple-jekyll-search/1.2.0/package/package.json written
72 silly fetchNamedPackageData fuzzysearch
73 silly mapToRegistry name fuzzysearch
74 silly mapToRegistry using default registry
75 silly mapToRegistry registry https://registry.npmjs.org/
76 silly mapToRegistry data Result {
76 silly mapToRegistry   raw: 'fuzzysearch',
76 silly mapToRegistry   scope: null,
76 silly mapToRegistry   escapedName: 'fuzzysearch',
76 silly mapToRegistry   name: 'fuzzysearch',
76 silly mapToRegistry   rawSpec: '',
76 silly mapToRegistry   spec: 'latest',
76 silly mapToRegistry   type: 'tag' }
77 silly mapToRegistry uri https://registry.npmjs.org/fuzzysearch
78 verbose request uri https://registry.npmjs.org/fuzzysearch
79 verbose request no auth needed
80 info attempt registry request try #1 at 16:58:01
81 http request GET https://registry.npmjs.org/fuzzysearch
82 http 200 https://registry.npmjs.org/fuzzysearch
83 verbose headers { server: 'nginx/1.10.3',
83 verbose headers   'content-type': 'application/json',
83 verbose headers   'last-modified': 'Sun, 12 Feb 2017 00:20:41 GMT',
83 verbose headers   etag: 'W/"589faa59-1995"',
83 verbose headers   'content-encoding': 'gzip',
83 verbose headers   'cache-control': 'max-age=300',
83 verbose headers   'content-length': '1776',
83 verbose headers   'accept-ranges': 'bytes',
83 verbose headers   date: 'Wed, 26 Apr 2017 07:58:01 GMT',
83 verbose headers   via: '1.1 varnish',
83 verbose headers   age: '84',
83 verbose headers   connection: 'keep-alive',
83 verbose headers   'x-served-by': 'cache-nrt6132-NRT',
83 verbose headers   'x-cache': 'HIT',
83 verbose headers   'x-cache-hits': '1',
83 verbose headers   'x-timer': 'S1493193482.803171,VS0,VE0',
83 verbose headers   vary: 'Accept-Encoding' }
84 silly get cb [ 200,
84 silly get   { server: 'nginx/1.10.3',
84 silly get     'content-type': 'application/json',
84 silly get     'last-modified': 'Sun, 12 Feb 2017 00:20:41 GMT',
84 silly get     etag: 'W/"589faa59-1995"',
84 silly get     'content-encoding': 'gzip',
84 silly get     'cache-control': 'max-age=300',
84 silly get     'content-length': '1776',
84 silly get     'accept-ranges': 'bytes',
84 silly get     date: 'Wed, 26 Apr 2017 07:58:01 GMT',
84 silly get     via: '1.1 varnish',
84 silly get     age: '84',
84 silly get     connection: 'keep-alive',
84 silly get     'x-served-by': 'cache-nrt6132-NRT',
84 silly get     'x-cache': 'HIT',
84 silly get     'x-cache-hits': '1',
84 silly get     'x-timer': 'S1493193482.803171,VS0,VE0',
84 silly get     vary: 'Accept-Encoding' } ]
85 verbose get saving fuzzysearch to /Users/inkyu/.npm/registry.npmjs.org/fuzzysearch/.cache.json
86 verbose correctMkdir /Users/inkyu/.npm correctMkdir not in flight; initializing
87 silly resolveWithNewModule fuzzysearch@1.0.3 checking installable status
88 silly cache add args [ 'fuzzysearch@^1.0.3', null ]
89 verbose cache add spec fuzzysearch@^1.0.3
90 silly cache add parsed spec Result {
90 silly cache add   raw: 'fuzzysearch@^1.0.3',
90 silly cache add   scope: null,
90 silly cache add   escapedName: 'fuzzysearch',
90 silly cache add   name: 'fuzzysearch',
90 silly cache add   rawSpec: '^1.0.3',
90 silly cache add   spec: '>=1.0.3 <2.0.0',
90 silly cache add   type: 'range' }
91 silly addNamed fuzzysearch@>=1.0.3 <2.0.0
92 verbose addNamed ">=1.0.3 <2.0.0" is a valid semver range for fuzzysearch
93 silly addNameRange { name: 'fuzzysearch', range: '>=1.0.3 <2.0.0', hasData: false }
94 silly mapToRegistry name fuzzysearch
95 silly mapToRegistry using default registry
96 silly mapToRegistry registry https://registry.npmjs.org/
97 silly mapToRegistry data Result {
97 silly mapToRegistry   raw: 'fuzzysearch',
97 silly mapToRegistry   scope: null,
97 silly mapToRegistry   escapedName: 'fuzzysearch',
97 silly mapToRegistry   name: 'fuzzysearch',
97 silly mapToRegistry   rawSpec: '',
97 silly mapToRegistry   spec: 'latest',
97 silly mapToRegistry   type: 'tag' }
98 silly mapToRegistry uri https://registry.npmjs.org/fuzzysearch
99 verbose addNameRange registry:https://registry.npmjs.org/fuzzysearch not in flight; fetching
100 verbose get https://registry.npmjs.org/fuzzysearch not expired, no request
101 silly addNameRange number 2 { name: 'fuzzysearch', range: '>=1.0.3 <2.0.0', hasData: true }
102 silly addNameRange versions [ 'fuzzysearch', [ '1.0.0', '1.0.1', '1.0.2', '1.0.3' ] ]
103 silly addNamed fuzzysearch@1.0.3
104 verbose addNamed "1.0.3" is a plain semver version for fuzzysearch
105 silly mapToRegistry name fuzzysearch
106 silly mapToRegistry using default registry
107 silly mapToRegistry registry https://registry.npmjs.org/
108 silly mapToRegistry data Result {
108 silly mapToRegistry   raw: 'fuzzysearch',
108 silly mapToRegistry   scope: null,
108 silly mapToRegistry   escapedName: 'fuzzysearch',
108 silly mapToRegistry   name: 'fuzzysearch',
108 silly mapToRegistry   rawSpec: '',
108 silly mapToRegistry   spec: 'latest',
108 silly mapToRegistry   type: 'tag' }
109 silly mapToRegistry uri https://registry.npmjs.org/fuzzysearch
110 verbose addRemoteTarball https://registry.npmjs.org/fuzzysearch/-/fuzzysearch-1.0.3.tgz not in flight; adding
111 verbose addRemoteTarball [ 'https://registry.npmjs.org/fuzzysearch/-/fuzzysearch-1.0.3.tgz',
111 verbose addRemoteTarball   'dffc80f6d6b04223f2226aa79dd194231096d008' ]
112 info retry fetch attempt 1 at 16:58:01
113 info attempt registry request try #1 at 16:58:01
114 http fetch GET https://registry.npmjs.org/fuzzysearch/-/fuzzysearch-1.0.3.tgz
115 http fetch 200 https://registry.npmjs.org/fuzzysearch/-/fuzzysearch-1.0.3.tgz
116 silly fetchAndShaCheck shasum dffc80f6d6b04223f2226aa79dd194231096d008
117 verbose addTmpTarball /var/folders/xk/l1672_1n723d_jjtpshg8l440000gn/T/npm-27876-40ffff42/registry.npmjs.org/fuzzysearch/-/fuzzysearch-1.0.3.tgz not in flight; adding
118 verbose addTmpTarball already have metadata; skipping unpack for fuzzysearch@1.0.3
119 verbose correctMkdir /Users/inkyu/.npm correctMkdir not in flight; initializing
120 silly cache afterAdd fuzzysearch@1.0.3
121 verbose afterAdd /Users/inkyu/.npm/fuzzysearch/1.0.3/package/package.json not in flight; writing
122 verbose correctMkdir /Users/inkyu/.npm correctMkdir not in flight; initializing
123 verbose afterAdd /Users/inkyu/.npm/fuzzysearch/1.0.3/package/package.json written
124 silly loadAllDepsIntoIdealTree Finishing
125 silly loadIdealTree Finishing
126 silly currentTree work
126 silly currentTree ├── amdefine@1.0.0
126 silly currentTree ├── ansi-regex@2.0.0
126 silly currentTree ├── ansi-styles@2.2.0
126 silly currentTree ├── asap@2.0.3
126 silly currentTree ├── babel-code-frame@6.7.2
126 silly currentTree ├── babel-core@6.7.2
126 silly currentTree ├── babel-generator@6.7.2
126 silly currentTree ├── babel-helper-builder-react-jsx@6.6.5
126 silly currentTree ├── babel-helpers@6.6.0
126 silly currentTree ├── babel-messages@6.7.2
126 silly currentTree ├── babel-plugin-syntax-flow@6.5.0
126 silly currentTree ├── babel-plugin-syntax-jsx@6.5.0
126 silly currentTree ├── babel-plugin-transform-flow-strip-types@6.7.0
126 silly currentTree ├── babel-plugin-transform-react-display-name@6.5.0
126 silly currentTree ├── babel-plugin-transform-react-jsx-source@6.5.0
126 silly currentTree ├── babel-plugin-transform-react-jsx@6.6.5
126 silly currentTree ├── babel-preset-react@6.5.0
126 silly currentTree ├─┬ babel-register@6.7.2
126 silly currentTree │ └── core-js@2.2.0
126 silly currentTree ├── babel-runtime@5.8.35
126 silly currentTree ├── babel-template@6.7.0
126 silly currentTree ├── babel-traverse@6.7.3
126 silly currentTree ├── babel-types@6.7.2
126 silly currentTree ├── babelify@7.2.0
126 silly currentTree ├── babylon@6.7.0
126 silly currentTree ├── balanced-match@0.3.0
126 silly currentTree ├── base62@0.1.1
126 silly currentTree ├── brace-expansion@1.1.3
126 silly currentTree ├── chalk@1.1.1
126 silly currentTree ├── color-convert@1.0.0
126 silly currentTree ├── concat-map@0.0.1
126 silly currentTree ├── convert-source-map@1.2.0
126 silly currentTree ├── core-js@1.2.6
126 silly currentTree ├── debug@2.2.0
126 silly currentTree ├── detect-indent@3.0.1
126 silly currentTree ├── envify@3.4.0
126 silly currentTree ├── escape-string-regexp@1.0.5
126 silly currentTree ├── esprima-fb@13001.1001.0-dev-harmony-fb
126 silly currentTree ├── esutils@2.0.2
126 silly currentTree ├── fbjs@0.6.1
126 silly currentTree ├── get-stdin@4.0.1
126 silly currentTree ├── globals@8.18.0
126 silly currentTree ├── has-ansi@2.0.0
126 silly currentTree ├── home-or-tmp@1.0.0
126 silly currentTree ├── invariant@2.2.1
126 silly currentTree ├── is-finite@1.0.1
126 silly currentTree ├── is-integer@1.0.6
126 silly currentTree ├── js-tokens@1.0.2
126 silly currentTree ├── json5@0.4.0
126 silly currentTree ├─┬ jstransform@10.1.0
126 silly currentTree │ └── source-map@0.1.31
126 silly currentTree ├── left-pad@0.0.3
126 silly currentTree ├── line-numbers@0.2.0
126 silly currentTree ├── lodash@3.10.1
126 silly currentTree ├── loose-envify@1.1.0
126 silly currentTree ├── minimatch@2.0.10
126 silly currentTree ├── minimist@1.2.0
126 silly currentTree ├─┬ mkdirp@0.5.1
126 silly currentTree │ └── minimist@0.0.8
126 silly currentTree ├── ms@0.7.1
126 silly currentTree ├── number-is-nan@1.0.0
126 silly currentTree ├── object-assign@4.0.1
126 silly currentTree ├── os-tmpdir@1.0.1
126 silly currentTree ├── path-exists@1.0.0
126 silly currentTree ├── path-is-absolute@1.0.0
126 silly currentTree ├── private@0.1.6
126 silly currentTree ├── promise@7.1.1
126 silly currentTree ├── react-dom@0.14.7
126 silly currentTree ├── react@0.14.7
126 silly currentTree ├── repeating@1.1.3
126 silly currentTree ├── shebang-regex@1.0.0
126 silly currentTree ├── slash@1.0.0
126 silly currentTree ├─┬ source-map-support@0.2.10
126 silly currentTree │ └── source-map@0.1.32
126 silly currentTree ├── source-map@0.5.3
126 silly currentTree ├── strip-ansi@3.0.1
126 silly currentTree ├── supports-color@2.0.0
126 silly currentTree ├── through@2.3.8
126 silly currentTree ├── to-fast-properties@1.0.1
126 silly currentTree ├── trim-right@1.0.1
126 silly currentTree ├── ua-parser-js@0.7.10
126 silly currentTree ├── user-home@1.1.1
126 silly currentTree └── whatwg-fetch@0.9.0
127 silly idealTree work
127 silly idealTree ├── amdefine@1.0.0
127 silly idealTree ├── ansi-regex@2.0.0
127 silly idealTree ├── ansi-styles@2.2.0
127 silly idealTree ├── asap@2.0.3
127 silly idealTree ├── babel-code-frame@6.7.2
127 silly idealTree ├── babel-core@6.7.2
127 silly idealTree ├── babel-generator@6.7.2
127 silly idealTree ├── babel-helper-builder-react-jsx@6.6.5
127 silly idealTree ├── babel-helpers@6.6.0
127 silly idealTree ├── babel-messages@6.7.2
127 silly idealTree ├── babel-plugin-syntax-flow@6.5.0
127 silly idealTree ├── babel-plugin-syntax-jsx@6.5.0
127 silly idealTree ├── babel-plugin-transform-flow-strip-types@6.7.0
127 silly idealTree ├── babel-plugin-transform-react-display-name@6.5.0
127 silly idealTree ├── babel-plugin-transform-react-jsx-source@6.5.0
127 silly idealTree ├── babel-plugin-transform-react-jsx@6.6.5
127 silly idealTree ├── babel-preset-react@6.5.0
127 silly idealTree ├─┬ babel-register@6.7.2
127 silly idealTree │ └── core-js@2.2.0
127 silly idealTree ├── babel-runtime@5.8.35
127 silly idealTree ├── babel-template@6.7.0
127 silly idealTree ├── babel-traverse@6.7.3
127 silly idealTree ├── babel-types@6.7.2
127 silly idealTree ├── babelify@7.2.0
127 silly idealTree ├── babylon@6.7.0
127 silly idealTree ├── balanced-match@0.3.0
127 silly idealTree ├── base62@0.1.1
127 silly idealTree ├── brace-expansion@1.1.3
127 silly idealTree ├── chalk@1.1.1
127 silly idealTree ├── color-convert@1.0.0
127 silly idealTree ├── concat-map@0.0.1
127 silly idealTree ├── convert-source-map@1.2.0
127 silly idealTree ├── core-js@1.2.6
127 silly idealTree ├── debug@2.2.0
127 silly idealTree ├── detect-indent@3.0.1
127 silly idealTree ├── envify@3.4.0
127 silly idealTree ├── escape-string-regexp@1.0.5
127 silly idealTree ├── esprima-fb@13001.1001.0-dev-harmony-fb
127 silly idealTree ├── esutils@2.0.2
127 silly idealTree ├── fbjs@0.6.1
127 silly idealTree ├── fuzzysearch@1.0.3
127 silly idealTree ├── get-stdin@4.0.1
127 silly idealTree ├── globals@8.18.0
127 silly idealTree ├── has-ansi@2.0.0
127 silly idealTree ├── home-or-tmp@1.0.0
127 silly idealTree ├── invariant@2.2.1
127 silly idealTree ├── is-finite@1.0.1
127 silly idealTree ├── is-integer@1.0.6
127 silly idealTree ├── js-tokens@1.0.2
127 silly idealTree ├── json5@0.4.0
127 silly idealTree ├─┬ jstransform@10.1.0
127 silly idealTree │ └── source-map@0.1.31
127 silly idealTree ├── left-pad@0.0.3
127 silly idealTree ├── line-numbers@0.2.0
127 silly idealTree ├── lodash@3.10.1
127 silly idealTree ├── loose-envify@1.1.0
127 silly idealTree ├── minimatch@2.0.10
127 silly idealTree ├── minimist@1.2.0
127 silly idealTree ├─┬ mkdirp@0.5.1
127 silly idealTree │ └── minimist@0.0.8
127 silly idealTree ├── ms@0.7.1
127 silly idealTree ├── number-is-nan@1.0.0
127 silly idealTree ├── object-assign@4.0.1
127 silly idealTree ├── os-tmpdir@1.0.1
127 silly idealTree ├── path-exists@1.0.0
127 silly idealTree ├── path-is-absolute@1.0.0
127 silly idealTree ├── private@0.1.6
127 silly idealTree ├── promise@7.1.1
127 silly idealTree ├── react-dom@0.14.7
127 silly idealTree ├── react@0.14.7
127 silly idealTree ├── repeating@1.1.3
127 silly idealTree ├── shebang-regex@1.0.0
127 silly idealTree ├── simple-jekyll-search@1.2.0
127 silly idealTree ├── slash@1.0.0
127 silly idealTree ├─┬ source-map-support@0.2.10
127 silly idealTree │ └── source-map@0.1.32
127 silly idealTree ├── source-map@0.5.3
127 silly idealTree ├── strip-ansi@3.0.1
127 silly idealTree ├── supports-color@2.0.0
127 silly idealTree ├── through@2.3.8
127 silly idealTree ├── to-fast-properties@1.0.1
127 silly idealTree ├── trim-right@1.0.1
127 silly idealTree ├── ua-parser-js@0.7.10
127 silly idealTree ├── user-home@1.1.1
127 silly idealTree └── whatwg-fetch@0.9.0
128 silly generateActionsToTake Starting
129 silly install generateActionsToTake
130 warn checkPermissions Missing write access to /Users/inkyu/Documents/work/node_modules
131 silly rollbackFailedOptional Starting
132 silly rollbackFailedOptional Finishing
133 silly runTopLevelLifecycles Finishing
134 silly install printInstalled
135 warn enoent ENOENT: no such file or directory, open '/Users/inkyu/Documents/work/package.json'
136 verbose enoent ENOENT: no such file or directory, open '/Users/inkyu/Documents/work/package.json'
136 verbose enoent This is most likely not a problem with npm itself
136 verbose enoent and is related to npm not being able to find a file.
137 warn work No description
138 verbose If you need help, you may report this error at:
138 verbose     <https://github.com/npm/npm/issues>
139 warn work No repository field.
140 verbose If you need help, you may report this error at:
140 verbose     <https://github.com/npm/npm/issues>
141 warn work No README data
142 verbose If you need help, you may report this error at:
142 verbose     <https://github.com/npm/npm/issues>
143 warn work No license field.
144 verbose If you need help, you may report this error at:
144 verbose     <https://github.com/npm/npm/issues>
145 verbose stack Error: EACCES: permission denied, access '/Users/inkyu/Documents/work/node_modules'
145 verbose stack     at Error (native)
146 verbose cwd /Users/inkyu/Documents/work/blog/blog
147 error Darwin 16.5.0
148 error argv "/usr/local/bin/node" "/usr/local/bin/npm" "install" "--save" "simple-jekyll-search"
149 error node v5.5.0
150 error npm  v4.0.5
151 error path /Users/inkyu/Documents/work/node_modules
152 error code EACCES
153 error errno -13
154 error syscall access
155 error Error: EACCES: permission denied, access '/Users/inkyu/Documents/work/node_modules'
155 error     at Error (native)
155 error  { [Error: EACCES: permission denied, access '/Users/inkyu/Documents/work/node_modules']
155 error   errno: -13,
155 error   code: 'EACCES',
155 error   syscall: 'access',
155 error   path: '/Users/inkyu/Documents/work/node_modules' }
156 error Please try running this command again as root/Administrator.
157 verbose exit [ -13, true ]
